[0.733s] DEBUG:colcon:Command line arguments: ['/usr/bin/colcon', 'list', '-p', '--base-paths', '/home/venkatshadeslayer/DA5401_assignment7']
[0.734s] DEBUG:colcon:Parsed command line arguments: Namespace(allow_overriding=[], base_paths=['/home/venkatshadeslayer/DA5401_assignment7'], build_base='build', ignore_user_meta=False, log_base=None, log_level=None, main=<bound method ListVerb.main of <colcon_package_information.verb.list.ListVerb object at 0x7fda4d3068b0>>, metas=['./colcon.meta'], mixin=None, mixin_files=None, mixin_verb=('list',), names_only=False, packages_above=None, packages_above_and_dependencies=None, packages_above_depth=None, packages_end=None, packages_ignore=None, packages_ignore_regex=None, packages_select=None, packages_select_build_failed=False, packages_select_by_dep=None, packages_select_regex=None, packages_select_test_failures=False, packages_skip=None, packages_skip_build_finished=False, packages_skip_by_dep=None, packages_skip_regex=None, packages_skip_test_passed=False, packages_skip_up_to=None, packages_start=None, packages_up_to=None, packages_up_to_regex=None, paths=None, paths_only=True, topological_graph=False, topological_graph_density=False, topological_graph_dot=False, topological_graph_dot_cluster=False, topological_graph_dot_include_skipped=False, topological_graph_legend=False, topological_order=False, verb_extension=<colcon_package_information.verb.list.ListVerb object at 0x7fda4d3068b0>, verb_name='list', verb_parser=<colcon_mixin.mixin.mixin_argument.MixinArgumentDecorator object at 0x7fda4d314d60>)
[1.328s] Level 1:colcon.colcon_core.package_discovery:discover_packages(colcon_meta) check parameters
[1.328s] Level 1:colcon.colcon_core.package_discovery:discover_packages(recursive) check parameters
[1.329s] Level 1:colcon.colcon_core.package_discovery:discover_packages(ignore) check parameters
[1.329s] Level 1:colcon.colcon_core.package_discovery:discover_packages(path) check parameters
[1.329s] Level 1:colcon.colcon_core.package_discovery:discover_packages(recursive) discover
[1.329s] INFO:colcon.colcon_core.package_discovery:Crawling recursively for packages in '/home/venkatshadeslayer/DA5401_assignment7'
[1.329s] Level 1:colcon.colcon_core.package_identification:_identify(/home/venkatshadeslayer/DA5401_assignment7) by extensions ['ignore', 'ignore_ament_install']
[1.330s] Level 1:colcon.colcon_core.package_identification:_identify(/home/venkatshadeslayer/DA5401_assignment7) by extension 'ignore'
[1.330s] Level 1:colcon.colcon_core.package_identification:_identify(/home/venkatshadeslayer/DA5401_assignment7) by extension 'ignore_ament_install'
[1.330s] Level 1:colcon.colcon_core.package_identification:_identify(/home/venkatshadeslayer/DA5401_assignment7) by extensions ['colcon_pkg']
[1.330s] Level 1:colcon.colcon_core.package_identification:_identify(/home/venkatshadeslayer/DA5401_assignment7) by extension 'colcon_pkg'
[1.331s] Level 1:colcon.colcon_core.package_identification:_identify(/home/venkatshadeslayer/DA5401_assignment7) by extensions ['colcon_meta']
[1.331s] Level 1:colcon.colcon_core.package_identification:_identify(/home/venkatshadeslayer/DA5401_assignment7) by extension 'colcon_meta'
[1.331s] Level 1:colcon.colcon_core.package_identification:_identify(/home/venkatshadeslayer/DA5401_assignment7) by extensions ['ros']
[1.331s] Level 1:colcon.colcon_core.package_identification:_identify(/home/venkatshadeslayer/DA5401_assignment7) by extension 'ros'
[1.374s] Level 1:colcon.colcon_core.package_identification:_identify(/home/venkatshadeslayer/DA5401_assignment7) by extensions ['cmake', 'python']
[1.374s] Level 1:colcon.colcon_core.package_identification:_identify(/home/venkatshadeslayer/DA5401_assignment7) by extension 'cmake'
[1.374s] Level 1:colcon.colcon_core.package_identification:_identify(/home/venkatshadeslayer/DA5401_assignment7) by extension 'python'
[1.375s] Level 1:colcon.colcon_core.package_identification:_identify(/home/venkatshadeslayer/DA5401_assignment7) by extensions ['python_setup_py']
[1.375s] Level 1:colcon.colcon_core.package_identification:_identify(/home/venkatshadeslayer/DA5401_assignment7) by extension 'python_setup_py'
[1.375s] Level 1:colcon.colcon_core.package_identification:_identify(/home/venkatshadeslayer/DA5401_assignment7/log) by extensions ['ignore', 'ignore_ament_install']
[1.376s] Level 1:colcon.colcon_core.package_identification:_identify(/home/venkatshadeslayer/DA5401_assignment7/log) by extension 'ignore'
[1.376s] Level 1:colcon.colcon_core.package_identification:_identify(/home/venkatshadeslayer/DA5401_assignment7/log) ignored
[1.376s] Level 1:colcon.colcon_core.package_identification:_identify(/home/venkatshadeslayer/DA5401_assignment7/notebooks) by extensions ['ignore', 'ignore_ament_install']
[1.377s] Level 1:colcon.colcon_core.package_identification:_identify(/home/venkatshadeslayer/DA5401_assignment7/notebooks) by extension 'ignore'
[1.377s] Level 1:colcon.colcon_core.package_identification:_identify(/home/venkatshadeslayer/DA5401_assignment7/notebooks) by extension 'ignore_ament_install'
[1.377s] Level 1:colcon.colcon_core.package_identification:_identify(/home/venkatshadeslayer/DA5401_assignment7/notebooks) by extensions ['colcon_pkg']
[1.377s] Level 1:colcon.colcon_core.package_identification:_identify(/home/venkatshadeslayer/DA5401_assignment7/notebooks) by extension 'colcon_pkg'
[1.378s] Level 1:colcon.colcon_core.package_identification:_identify(/home/venkatshadeslayer/DA5401_assignment7/notebooks) by extensions ['colcon_meta']
[1.378s] Level 1:colcon.colcon_core.package_identification:_identify(/home/venkatshadeslayer/DA5401_assignment7/notebooks) by extension 'colcon_meta'
[1.378s] Level 1:colcon.colcon_core.package_identification:_identify(/home/venkatshadeslayer/DA5401_assignment7/notebooks) by extensions ['ros']
[1.378s] Level 1:colcon.colcon_core.package_identification:_identify(/home/venkatshadeslayer/DA5401_assignment7/notebooks) by extension 'ros'
[1.378s] Level 1:colcon.colcon_core.package_identification:_identify(/home/venkatshadeslayer/DA5401_assignment7/notebooks) by extensions ['cmake', 'python']
[1.379s] Level 1:colcon.colcon_core.package_identification:_identify(/home/venkatshadeslayer/DA5401_assignment7/notebooks) by extension 'cmake'
[1.379s] Level 1:colcon.colcon_core.package_identification:_identify(/home/venkatshadeslayer/DA5401_assignment7/notebooks) by extension 'python'
[1.379s] Level 1:colcon.colcon_core.package_identification:_identify(/home/venkatshadeslayer/DA5401_assignment7/notebooks) by extensions ['python_setup_py']
[1.379s] Level 1:colcon.colcon_core.package_identification:_identify(/home/venkatshadeslayer/DA5401_assignment7/notebooks) by extension 'python_setup_py'
[1.379s] Level 1:colcon.colcon_core.package_discovery:discover_packages(recursive) using defaults
